[
  {
    "TimeCreated": "2026-07-21T07:00:34.6872158+02:00",
    "Id": 41,
    "Level": "Critical",
    "LevelRaw": 1,
    "Provider": "Microsoft-Windows-Kernel-Power",
    "Channel": "System",
    "RecordId": 1650,
    "Task": "",
    "Opcode": "Info",
    "Message": "The system has rebooted without cleanly shutting down first. This error could be caused if the system stopped responding, crashed, or lost power unexpectedly.",
    "EventData": {
      "InputSuppressionState": "0",
      "BugcheckParameter2": "0x0",
      "Checkpoint": "0",
      "PowerButtonTimestamp": "0",
      "LidState": "3",
      "CheckpointStatus": "0",
      "BugcheckInfoFromEFI": "true",
      "BootAppStatus": "0",
      "LongPowerButtonPressDetected": "false",
      "CsEntryScenarioInstanceIdV2": "0",
      "CsEntryScenarioInstanceId": "0",
      "BugcheckParameter4": "0x0",
      "BugcheckCode": "59",
      "SleepInProgress": "0",
      "SystemSleepTransitionsToOn": "0",
      "PowerButtonSuppressionState": "0",
      "LidReliability": "false",
      "ConnectedStandbyInProgress": "false",
      "BugcheckParameter1": "0xc0000006",
      "BugcheckParameter3": "0x0",
      "WHEABootErrorCount": "0"
    },
    "Strings": [
      "0",
      "0x0",
      "0",
      "0",
      "3",
      "0",
      "true",
      "0",
      "false",
      "0",
      "0",
      "0x0"
    ],
    "UserName": null,
    "Xml": null
  },
  {
    "TimeCreated": "2026-07-21T07:00:41.9360812+02:00",
    "Id": 6005,
    "Level": "Information",
    "LevelRaw": 4,
    "Provider": "EventLog",
    "Channel": "System",
    "RecordId": 1635,
    "Task": "None",
    "Opcode": "",
    "Message": "The Event log service was started.",
    "EventData": {},
    "Strings": [],
    "UserName": null,
    "Xml": null
  },
  {
    "TimeCreated": "2026-07-21T07:00:41.9352113+02:00",
    "Id": 6008,
    "Level": "Error",
    "LevelRaw": 2,
    "Provider": "EventLog",
    "Channel": "System",
    "RecordId": 1633,
    "Task": "None",
    "Opcode": "",
    "Message": "The previous system shutdown at 11:25:02 PM on ?7/?20/?2026 was unexpected.",
    "EventData": {
      "String3": "",
      "String0": "",
      "String1": "",
      "String4": "",
      "String6": "",
      "String2": "",
      "String5": ""
    },
    "Strings": [
      "",
      "",
      "",
      "",
      "",
      "",
      ""
    ],
    "UserName": null,
    "Xml": null
  }
]